modules/call-blocker/android/build/intermediates/manifest_merge_blame_file/release/processReleaseManifest/manifest-merger-blame-release-report.txt
1<?xml version="1.0" encoding="utf-8"?>
2<manifest xmlns:android="http://schemas.android.com/apk/res/android"
3    package="expo.modules.avoloblockers" >
4
5    <uses-sdk android:minSdkVersion="24" />
6
7    <application>
7-->src/main/AndroidManifest.xml:2:5-11:19
8        <service
8-->src/main/AndroidManifest.xml:3:9-10:19
9            android:name="expo.modules.avoloblockers.BlockerScreeningService"
9-->src/main/AndroidManifest.xml:4:13-78
10            android:exported="true"
10-->src/main/AndroidManifest.xml:6:13-36
11            android:permission="android.permission.BIND_SCREENING_SERVICE" >
11-->src/main/AndroidManifest.xml:5:13-75
12            <intent-filter>
12-->src/main/AndroidManifest.xml:7:13-9:29
13                <action android:name="android.telecom.CallScreeningService" />
13-->src/main/AndroidManifest.xml:8:17-79
13-->src/main/AndroidManifest.xml:8:25-76
14            </intent-filter>
15        </service>
16    </application>
17
18</manifest>